<?xml version="1.0" encoding="UTF-8"?>
<!-- Generated by org.testng.reporters.JUnitReportReporter -->
<testsuite hostname="appventurez-HP-ProBook-440-G1" failures="0" tests="1" name="com.website.testcases.LoginTest" time="11.951" errors="0" timestamp="24 Jul 2019 08:50:10 GMT" skipped="0">
  <testcase classname="com.website.testcases.LoginTest" name="TestLogin" time="11.951"/>
</testsuite> <!-- com.website.testcases.LoginTest -->
