<?xml version="1.0" encoding="UTF-8"?>
<!-- Generated by org.testng.reporters.JUnitReportReporter -->
<testsuite hostname="appventurez-HP-ProBook-440-G1" failures="0" tests="2" name="com.website.testcases.LoginTest" time="26.867" errors="0" timestamp="06 Aug 2019 06:47:40 GMT" skipped="0">
  <testcase classname="com.website.testcases.LoginTest" name="TestLogin" time="15.081"/>
  <testcase classname="com.website.testcases.LoginTest" name="TestLoginWithWrongCed" time="11.786"/>
</testsuite> <!-- com.website.testcases.LoginTest -->
