<?xml version="1.0" encoding="UTF-8"?>
<!-- Generated by org.testng.reporters.JUnitReportReporter -->
<testsuite hostname="appventurez-HP-ProBook-440-G1" failures="0" tests="1" name="com.website.testcases.SignUpTest" time="11.407" errors="0" timestamp="25 Jul 2019 15:47:15 GMT" skipped="0">
  <testcase classname="com.website.testcases.SignUpTest" name="TestSignUp" time="11.407"/>
</testsuite> <!-- com.website.testcases.SignUpTest -->
