<?xml version="1.0" encoding="UTF-8"?>
<!-- Generated by org.testng.reporters.JUnitReportReporter -->
<testsuite hostname="appventurez-HP-ProBook-440-G1" failures="0" tests="2" name="com.website.testcases.LoginTest" time="25.926" errors="0" timestamp="24 Jul 2019 14:05:02 GMT" skipped="0">
  <testcase classname="com.website.testcases.LoginTest" name="TestLogin" time="14.256"/>
  <testcase classname="com.website.testcases.LoginTest" name="TestLoginWithWrongCed" time="11.670"/>
</testsuite> <!-- com.website.testcases.LoginTest -->
