<?xml version="1.0" encoding="UTF-8"?>
<!-- Generated by org.testng.reporters.JUnitReportReporter -->
<testsuite hostname="appventurez-HP-ProBook-440-G1" failures="0" tests="1" name="com.website.testcases.LoginWithWrongCred" time="0.000" errors="0" timestamp="06 Aug 2019 06:35:04 GMT" skipped="1">
  <testcase classname="com.website.testcases.LoginWithWrongCred" name="TestLoginWithWrongCed" time="0.000">
    <skipped/>
  </testcase> <!-- TestLoginWithWrongCed -->
</testsuite> <!-- com.website.testcases.LoginWithWrongCred -->
