<?xml version="1.0" encoding="UTF-8"?>
<!-- Generated by org.testng.reporters.JUnitReportReporter -->
<testsuite hostname="appventurez-HP-ProBook-440-G1" failures="0" tests="1" name="com.website.testcases.LoginWithWrongCred" time="12.183" errors="0" timestamp="24 Jul 2019 05:08:15 GMT" skipped="0">
  <testcase classname="com.website.testcases.LoginWithWrongCred" name="TestLoginWithWrongCed" time="12.183"/>
</testsuite> <!-- com.website.testcases.LoginWithWrongCred -->
