<?xml version="1.0" encoding="UTF-8"?>
<!-- Generated by org.testng.reporters.JUnitReportReporter -->
<testsuite hostname="appventurez-HP-ProBook-440-G1" failures="0" tests="2" name="com.website.testcases.LoginTest" time="26.074" errors="0" timestamp="24 Jul 2019 10:23:38 GMT" skipped="0">
  <testcase classname="com.website.testcases.LoginTest" name="TestLogin" time="14.208"/>
  <testcase classname="com.website.testcases.LoginTest" name="TestLoginWithWrongCed" time="11.866"/>
</testsuite> <!-- com.website.testcases.LoginTest -->
