<?xml version="1.0" encoding="UTF-8"?>
<!-- Generated by org.testng.reporters.JUnitReportReporter -->
<testsuite hostname="appventurez-HP-ProBook-440-G1" failures="0" tests="1" name="com.website.testcases.LoginTest" time="7.076" errors="0" timestamp="10 Jul 2019 05:30:23 GMT" skipped="0">
  <testcase classname="com.website.testcases.LoginTest" name="TestLogin" time="7.076"/>
</testsuite> <!-- com.website.testcases.LoginTest -->
